#
# There is insufficient memory for the Java Runtime Environment to continue.
# Native memory allocation (mmap) failed to map 179306496 bytes for G1 virtual space
# Possible reasons:
#   The system is out of physical RAM or swap space
#   The process is running with CompressedOops enabled, and the Java Heap may be blocking the growth of the native heap
# Possible solutions:
#   Reduce memory load on the system
#   Increase physical memory or swap space
#   Check if swap backing store is full
#   Decrease Java heap size (-Xmx/-Xms)
#   Decrease number of Java threads
#   Decrease Java thread stack sizes (-Xss)
#   Set larger code cache with -XX:ReservedCodeCacheSize=
#   JVM is running with Unscaled Compressed Oops mode in which the Java heap is
#     placed in the first 4GB address space. The Java Heap base address is the
#     maximum limit for the native heap growth. Please use -XX:HeapBaseMinAddress
#     to set the Java Heap base and to place the Java Heap above 4GB virtual address.
# This output file may be truncated or incomplete.
#
#  Out of Memory Error (os_windows.cpp:3613), pid=14280, tid=908
#
# JRE version: OpenJDK Runtime Environment Temurin-17.0.10+7 (17.0.10+7) (build 17.0.10+7)
# Java VM: OpenJDK 64-Bit Server VM Temurin-17.0.10+7 (17.0.10+7, mixed mode, emulated-client, tiered, compressed oops, compressed class ptrs, g1 gc, windows-amd64)
# No core dump will be written. Minidumps are not enabled by default on client versions of Windows
#

---------------  S U M M A R Y ------------

Command Line: -XX:+HeapDumpOnOutOfMemoryError -Xmx1024m -Dsts.lsp.client=vscode -Dsts.log.file=/dev/null -XX:TieredStopAtLevel=1 -Xlog:jni+resolve=off -Dspring.config.location=file:c:\Users\aluno.LABINFO\.vscode\extensions\vmware.vscode-spring-boot-1.52.0\language-server\BOOT-INF\classes\application.properties org.springframework.ide.vscode.boot.app.BootLanguageServerBootApp

Host: 11th Gen Intel(R) Core(TM) i5-1135G7 @ 2.40GHz, 8 cores, 7G,  Windows 10 , 64 bit Build 19041 (10.0.19041.3636)
Time: Wed Mar  6 22:19:45 2024 Hora oficial do Brasil elapsed time: 1397.662491 seconds (0d 0h 23m 17s)

---------------  T H R E A D  ---------------

Current thread (0x000001aab9cbada0):  VMThread "VM Thread" [stack: 0x0000000293d00000,0x0000000293e00000] [id=908]

Stack: [0x0000000293d00000,0x0000000293e00000]
Native frames: (J=compiled Java code, j=interpreted, Vv=VM code, C=native code)
V  [jvm.dll+0x67d2c9]
V  [jvm.dll+0x834afa]
V  [jvm.dll+0x8365be]
V  [jvm.dll+0x836c23]
V  [jvm.dll+0x2477ff]
V  [jvm.dll+0x67a109]
V  [jvm.dll+0x66eb7a]
V  [jvm.dll+0x30764b]
V  [jvm.dll+0x30eaf6]
V  [jvm.dll+0x35e83e]
V  [jvm.dll+0x35ea6f]
V  [jvm.dll+0x2de248]
V  [jvm.dll+0x2dc424]
V  [jvm.dll+0x2dba2c]
V  [jvm.dll+0x31fe11]
V  [jvm.dll+0x83b11b]
V  [jvm.dll+0x83be61]
V  [jvm.dll+0x83c37d]
V  [jvm.dll+0x83c754]
V  [jvm.dll+0x83c820]
V  [jvm.dll+0x7e3fba]
V  [jvm.dll+0x67c1b5]
C  [ucrtbase.dll+0x21bb2]
C  [KERNEL32.DLL+0x17344]
C  [ntdll.dll+0x526b1]

VM_Operation (0x00000002935fcc10): G1TryInitiateConcMark, mode: safepoint, requested by thread 0x000001aac012c300


---------------  P R O C E S S  ---------------

Threads class SMR info:
_java_thread_list=0x000001aabe4a15e0, length=31, elements={
0x000001aab9cce730, 0x000001aab9ccf000, 0x000001aab9cf2920, 0x000001aab9cf31f0,
0x000001aab9cf3ac0, 0x000001aab9cf63a0, 0x000001aab9cf6d20, 0x000001aabe02c440,
0x000001aabe2302d0, 0x000001aabe242cc0, 0x000001aabf902060, 0x000001aabf9264d0,
0x000001aabf9269b0, 0x000001aaaeeddf50, 0x000001aabf95d6e0, 0x000001aabf97d480,
0x000001aabf9c5ed0, 0x000001aabf9c4a90, 0x000001aabf9c68f0, 0x000001aabf9c7310,
0x000001aabf9c63e0, 0x000001aabf9c4fa0, 0x000001aabf9c54b0, 0x000001aac012d740,
0x000001aac012f5a0, 0x000001aac012ffc0, 0x000001aac012bdf0, 0x000001aac012c300,
0x000001aac012dc50, 0x000001aac0129570, 0x000001aac0129a80
}

Java Threads: ( => current thread )
  0x000001aab9cce730 JavaThread "Reference Handler" daemon [_thread_blocked, id=6196, stack(0x0000000293e00000,0x0000000293f00000)]
  0x000001aab9ccf000 JavaThread "Finalizer" daemon [_thread_blocked, id=14288, stack(0x0000000293f00000,0x0000000294000000)]
  0x000001aab9cf2920 JavaThread "Signal Dispatcher" daemon [_thread_blocked, id=13988, stack(0x0000000294000000,0x0000000294100000)]
  0x000001aab9cf31f0 JavaThread "Attach Listener" daemon [_thread_blocked, id=1592, stack(0x0000000294100000,0x0000000294200000)]
  0x000001aab9cf3ac0 JavaThread "Service Thread" daemon [_thread_blocked, id=17380, stack(0x0000000294200000,0x0000000294300000)]
  0x000001aab9cf63a0 JavaThread "Monitor Deflation Thread" daemon [_thread_blocked, id=16888, stack(0x0000000294300000,0x0000000294400000)]
  0x000001aab9cf6d20 JavaThread "C1 CompilerThread0" daemon [_thread_blocked, id=18700, stack(0x0000000294400000,0x0000000294500000)]
  0x000001aabe02c440 JavaThread "Sweeper thread" daemon [_thread_blocked, id=6984, stack(0x0000000294500000,0x0000000294600000)]
  0x000001aabe2302d0 JavaThread "Notification Thread" daemon [_thread_blocked, id=15168, stack(0x0000000294800000,0x0000000294900000)]
  0x000001aabe242cc0 JavaThread "Common-Cleaner" daemon [_thread_blocked, id=16624, stack(0x0000000294a00000,0x0000000294b00000)]
  0x000001aabf902060 JavaThread "boundedElastic-evictor-1" daemon [_thread_blocked, id=8736, stack(0x0000000295000000,0x0000000295100000)]
  0x000001aabf9264d0 JavaThread "pool-12-thread-1" [_thread_blocked, id=18340, stack(0x0000000295500000,0x0000000295600000)]
  0x000001aabf9269b0 JavaThread "LanguageServerApp-lifecycle" [_thread_blocked, id=6024, stack(0x0000000295600000,0x0000000295700000)]
  0x000001aaaeeddf50 JavaThread "DestroyJavaVM" [_thread_blocked, id=12588, stack(0x0000000293700000,0x0000000293800000)]
  0x000001aabf95d6e0 JavaThread "pool-13-thread-1" [_thread_in_native, id=19424, stack(0x0000000295700000,0x0000000295800000)]
  0x000001aabf97d480 JavaThread "Simple-Language-Server main thread" daemon [_thread_blocked, id=12068, stack(0x0000000295800000,0x0000000295900000)]
  0x000001aabf9c5ed0 JavaThread "pool-8-thread-1" [_thread_blocked, id=10472, stack(0x0000000295c00000,0x0000000295d00000)]
  0x000001aabf9c4a90 JavaThread "parallel-1" daemon [_thread_blocked, id=2884, stack(0x0000000295d00000,0x0000000295e00000)]
  0x000001aabf9c68f0 JavaThread "pool-6-thread-1" [_thread_blocked, id=5764, stack(0x0000000295e00000,0x0000000295f00000)]
  0x000001aabf9c7310 JavaThread "parallel-2" daemon [_thread_blocked, id=1916, stack(0x0000000295f00000,0x0000000296000000)]
  0x000001aabf9c63e0 JavaThread "parallel-3" daemon [_thread_blocked, id=6640, stack(0x0000000296000000,0x0000000296100000)]
  0x000001aabf9c4fa0 JavaThread "parallel-4" daemon [_thread_blocked, id=4292, stack(0x0000000296500000,0x0000000296600000)]
  0x000001aabf9c54b0 JavaThread "parallel-5" daemon [_thread_blocked, id=15996, stack(0x0000000296600000,0x0000000296700000)]
  0x000001aac012d740 JavaThread "Reconciler-1" daemon [_thread_blocked, id=13084, stack(0x0000000296900000,0x0000000296a00000)]
  0x000001aac012f5a0 JavaThread "parallel-6" daemon [_thread_blocked, id=15940, stack(0x0000000296c00000,0x0000000296d00000)]
  0x000001aac012ffc0 JavaThread "parallel-7" daemon [_thread_blocked, id=17552, stack(0x0000000296d00000,0x0000000296e00000)]
  0x000001aac012bdf0 JavaThread "parallel-8" daemon [_thread_blocked, id=14260, stack(0x0000000297600000,0x0000000297700000)]
  0x000001aac012c300 JavaThread "pool-4-thread-3" [_thread_blocked, id=18656, stack(0x0000000293500000,0x0000000293600000)]
  0x000001aac012dc50 JavaThread "ForkJoinPool.commonPool-worker-3" daemon [_thread_blocked, id=1588, stack(0x0000000293600000,0x0000000293700000)]
  0x000001aac0129570 JavaThread "pool-5-thread-11" [_thread_blocked, id=3768, stack(0x0000000294600000,0x0000000294700000)]
  0x000001aac0129a80 JavaThread "pool-3-thread-10" [_thread_blocked, id=9932, stack(0x0000000293400000,0x0000000293500000)]

Other Threads:
=>0x000001aab9cbada0 VMThread "VM Thread" [stack: 0x0000000293d00000,0x0000000293e00000] [id=908]
  0x000001aabe2308c0 WatcherThread [stack: 0x0000000294900000,0x0000000294a00000] [id=13104]
  0x000001aaaef1c2d0 GCTaskThread "GC Thread#0" [stack: 0x0000000293800000,0x0000000293900000] [id=9792]
  0x000001aabecef3e0 GCTaskThread "GC Thread#1" [stack: 0x0000000294b00000,0x0000000294c00000] [id=19376]
  0x000001aabecef6a0 GCTaskThread "GC Thread#2" [stack: 0x0000000294c00000,0x0000000294d00000] [id=17712]
  0x000001aabed1be20 GCTaskThread "GC Thread#3" [stack: 0x0000000294d00000,0x0000000294e00000] [id=14636]
  0x000001aabef1f740 GCTaskThread "GC Thread#4" [stack: 0x0000000294e00000,0x0000000294f00000] [id=12376]
  0x000001aabed2a540 GCTaskThread "GC Thread#5" [stack: 0x0000000294f00000,0x0000000295000000] [id=4044]
  0x000001aabf257c60 GCTaskThread "GC Thread#6" [stack: 0x0000000295200000,0x0000000295300000] [id=11764]
  0x000001aabf066880 GCTaskThread "GC Thread#7" [stack: 0x0000000295300000,0x0000000295400000] [id=15108]
  0x000001aaaef25130 ConcurrentGCThread "G1 Main Marker" [stack: 0x0000000293900000,0x0000000293a00000] [id=11656]
  0x000001aaaef25a60 ConcurrentGCThread "G1 Conc#0" [stack: 0x0000000293a00000,0x0000000293b00000] [id=7296]
  0x000001aabf101d80 ConcurrentGCThread "G1 Conc#1" [stack: 0x0000000295400000,0x0000000295500000] [id=17884]
  0x000001aab9b200a0 ConcurrentGCThread "G1 Refine#0" [stack: 0x0000000293b00000,0x0000000293c00000] [id=13748]
  0x000001aac00dc620 ConcurrentGCThread "G1 Refine#1" [stack: 0x0000000296800000,0x0000000296900000] [id=14236]
  0x000001aab9b209e0 ConcurrentGCThread "G1 Service" [stack: 0x0000000293c00000,0x0000000293d00000] [id=17640]

Threads with active compile tasks:

VM state: at safepoint (normal execution)

VM Mutex/Monitor currently owned by a thread:  ([mutex/lock_event])
[0x000001aaacbf0940] Threads_lock - owner thread: 0x000001aab9cbada0
[0x000001aaaeedb7c0] Heap_lock - owner thread: 0x000001aac012c300

Heap address: 0x00000000c0000000, size: 1024 MB, Compressed Oops mode: 32-bit

CDS archive(s) not mapped
Compressed class space mapped at: 0x0000000100000000-0x0000000140000000, reserved size: 1073741824
Narrow klass base: 0x0000000000000000, Narrow klass shift: 3, Narrow klass range: 0x140000000

GC Precious Log:
 CPUs: 8 total, 8 available
 Memory: 7991M
 Large Page Support: Disabled
 NUMA Support: Disabled
 Compressed Oops: Enabled (32-bit)
 Heap Region Size: 1M
 Heap Min Capacity: 8M
 Heap Initial Capacity: 126M
 Heap Max Capacity: 1G
 Pre-touch: Disabled
 Parallel Workers: 8
 Concurrent Workers: 2
 Concurrent Refinement Workers: 8
 Periodic GC: Disabled

Heap:
 garbage-first heap   total 126976K, used 39290K [0x00000000c0000000, 0x0000000100000000)
  region size 1024K, 2 young (2048K), 2 survivors (2048K)
 Metaspace       used 59958K, committed 60480K, reserved 1114112K
  class space    used 7505K, committed 7744K, reserved 1048576K

Heap Regions: E=young(eden), S=young(survivor), O=old, HS=humongous(starts), HC=humongous(continues), CS=collection set, F=free, OA=open archive, CA=closed archive, TAMS=top-at-mark-start (previous, next)
|   0|0x00000000c0000000, 0x00000000c0100000, 0x00000000c0100000|100%|HS|  |TAMS 0x00000000c0100000, 0x00000000c0100000| Complete 
|   1|0x00000000c0100000, 0x00000000c0200000, 0x00000000c0200000|100%|HC|  |TAMS 0x00000000c0200000, 0x00000000c0200000| Complete 
|   2|0x00000000c0200000, 0x00000000c0300000, 0x00000000c0300000|100%|HC|  |TAMS 0x00000000c0300000, 0x00000000c0300000| Complete 
|   3|0x00000000c0300000, 0x00000000c0400000, 0x00000000c0400000|100%|HC|  |TAMS 0x00000000c0400000, 0x00000000c0400000| Complete 
|   4|0x00000000c0400000, 0x00000000c0500000, 0x00000000c0500000|100%|HS|  |TAMS 0x00000000c0500000, 0x00000000c0500000| Complete 
|   5|0x00000000c0500000, 0x00000000c0600000, 0x00000000c0600000|100%|HC|  |TAMS 0x00000000c0600000, 0x00000000c0600000| Complete 
|   6|0x00000000c0600000, 0x00000000c06ffff8, 0x00000000c0700000| 99%| O|  |TAMS 0x00000000c06ffff8, 0x00000000c06ffff8| Untracked 
|   7|0x00000000c0700000, 0x00000000c0800000, 0x00000000c0800000|100%| O|  |TAMS 0x00000000c0800000, 0x00000000c0800000| Untracked 
|   8|0x00000000c0800000, 0x00000000c0900000, 0x00000000c0900000|100%| O|  |TAMS 0x00000000c0900000, 0x00000000c0900000| Untracked 
|   9|0x00000000c0900000, 0x00000000c0a00000, 0x00000000c0a00000|100%| O|  |TAMS 0x00000000c0a00000, 0x00000000c0a00000| Untracked 
|  10|0x00000000c0a00000, 0x00000000c0b00000, 0x00000000c0b00000|100%| O|  |TAMS 0x00000000c0b00000, 0x00000000c0b00000| Untracked 
|  11|0x00000000c0b00000, 0x00000000c0bffff0, 0x00000000c0c00000| 99%| O|  |TAMS 0x00000000c0bffff0, 0x00000000c0bffff0| Untracked 
|  12|0x00000000c0c00000, 0x00000000c0d00000, 0x00000000c0d00000|100%| O|  |TAMS 0x00000000c0d00000, 0x00000000c0d00000| Untracked 
|  13|0x00000000c0d00000, 0x00000000c0dfffd0, 0x00000000c0e00000| 99%| O|  |TAMS 0x00000000c0dfffd0, 0x00000000c0dfffd0| Untracked 
|  14|0x00000000c0e00000, 0x00000000c0f00000, 0x00000000c0f00000|100%| O|  |TAMS 0x00000000c0f00000, 0x00000000c0f00000| Untracked 
|  15|0x00000000c0f00000, 0x00000000c0ffffe8, 0x00000000c1000000| 99%| O|  |TAMS 0x00000000c0ffffe8, 0x00000000c0ffffe8| Untracked 
|  16|0x00000000c1000000, 0x00000000c10fffd0, 0x00000000c1100000| 99%| O|  |TAMS 0x00000000c10fffd0, 0x00000000c10fffd0| Untracked 
|  17|0x00000000c1100000, 0x00000000c11fffc0, 0x00000000c1200000| 99%| O|  |TAMS 0x00000000c11fffc0, 0x00000000c11fffc0| Untracked 
|  18|0x00000000c1200000, 0x00000000c12ffff8, 0x00000000c1300000| 99%| O|  |TAMS 0x00000000c12ffff8, 0x00000000c12ffff8| Untracked 
|  19|0x00000000c1300000, 0x00000000c13ffff0, 0x00000000c1400000| 99%| O|  |TAMS 0x00000000c13ffff0, 0x00000000c13ffff0| Untracked 
|  20|0x00000000c1400000, 0x00000000c14fffc8, 0x00000000c1500000| 99%| O|  |TAMS 0x00000000c14fffc8, 0x00000000c14fffc8| Untracked 
|  21|0x00000000c1500000, 0x00000000c15ffde8, 0x00000000c1600000| 99%| O|  |TAMS 0x00000000c15ffde8, 0x00000000c15ffde8| Untracked 
|  22|0x00000000c1600000, 0x00000000c16ffff8, 0x00000000c1700000| 99%| O|  |TAMS 0x00000000c16ffff8, 0x00000000c16ffff8| Untracked 
|  23|0x00000000c1700000, 0x00000000c17fffe8, 0x00000000c1800000| 99%| O|  |TAMS 0x00000000c17fffe8, 0x00000000c17fffe8| Untracked 
|  24|0x00000000c1800000, 0x00000000c18fffc0, 0x00000000c1900000| 99%| O|  |TAMS 0x00000000c18fffc0, 0x00000000c18fffc0| Untracked 
|  25|0x00000000c1900000, 0x00000000c19fffa8, 0x00000000c1a00000| 99%| O|  |TAMS 0x00000000c19fffa8, 0x00000000c19fffa8| Untracked 
|  26|0x00000000c1a00000, 0x00000000c1affff0, 0x00000000c1b00000| 99%| O|  |TAMS 0x00000000c1affff0, 0x00000000c1affff0| Untracked 
|  27|0x00000000c1b00000, 0x00000000c1bfffe8, 0x00000000c1c00000| 99%| O|  |TAMS 0x00000000c1bfffe8, 0x00000000c1bfffe8| Untracked 
|  28|0x00000000c1c00000, 0x00000000c1d00000, 0x00000000c1d00000|100%| O|  |TAMS 0x00000000c1d00000, 0x00000000c1d00000| Untracked 
|  29|0x00000000c1d00000, 0x00000000c1de28b0, 0x00000000c1e00000| 88%| O|  |TAMS 0x00000000c1de28b0, 0x00000000c1de28b0| Untracked 
|  30|0x00000000c1e00000, 0x00000000c1efffb0, 0x00000000c1f00000| 99%| O|  |TAMS 0x00000000c1efffb0, 0x00000000c1efffb0| Untracked 
|  31|0x00000000c1f00000, 0x00000000c1ffffd8, 0x00000000c2000000| 99%| O|  |TAMS 0x00000000c1ffffd8, 0x00000000c1ffffd8| Untracked 
|  32|0x00000000c2000000, 0x00000000c20fe600, 0x00000000c2100000| 99%| O|  |TAMS 0x00000000c20fe600, 0x00000000c20fe600| Untracked 
|  33|0x00000000c2100000, 0x00000000c21ff980, 0x00000000c2200000| 99%| O|  |TAMS 0x00000000c21ff980, 0x00000000c21ff980| Untracked 
|  34|0x00000000c2200000, 0x00000000c22ffff0, 0x00000000c2300000| 99%| O|  |TAMS 0x00000000c22ffff0, 0x00000000c22ffff0| Untracked 
|  35|0x00000000c2300000, 0x00000000c23232f8, 0x00000000c2400000| 13%| O|  |TAMS 0x00000000c23232f8, 0x00000000c23232f8| Untracked 
|  36|0x00000000c2400000, 0x00000000c2400000, 0x00000000c2500000|  0%| F|  |TAMS 0x00000000c2400000, 0x00000000c2400000| Untracked 
|  37|0x00000000c2500000, 0x00000000c25ff650, 0x00000000c2600000| 99%| O|  |TAMS 0x00000000c25ff650, 0x00000000c25ff650| Untracked 
|  38|0x00000000c2600000, 0x00000000c26d0370, 0x00000000c2700000| 81%| O|  |TAMS 0x00000000c26d0370, 0x00000000c26d0370| Untracked 
|  39|0x00000000c2700000, 0x00000000c2700000, 0x00000000c2800000|  0%| F|  |TAMS 0x00000000c2700000, 0x00000000c2700000| Untracked 
|  40|0x00000000c2800000, 0x00000000c2800000, 0x00000000c2900000|  0%| F|  |TAMS 0x00000000c2800000, 0x00000000c2800000| Untracked 
|  41|0x00000000c2900000, 0x00000000c2900000, 0x00000000c2a00000|  0%| F|  |TAMS 0x00000000c2900000, 0x00000000c2900000| Untracked 
|  42|0x00000000c2a00000, 0x00000000c2a00000, 0x00000000c2b00000|  0%| F|  |TAMS 0x00000000c2a00000, 0x00000000c2a00000| Untracked 
|  43|0x00000000c2b00000, 0x00000000c2b00000, 0x00000000c2c00000|  0%| F|  |TAMS 0x00000000c2b00000, 0x00000000c2b00000| Untracked 
|  44|0x00000000c2c00000, 0x00000000c2c00000, 0x00000000c2d00000|  0%| F|  |TAMS 0x00000000c2c00000, 0x00000000c2c00000| Untracked 
|  45|0x00000000c2d00000, 0x00000000c2d00000, 0x00000000c2e00000|  0%| F|  |TAMS 0x00000000c2d00000, 0x00000000c2d00000| Untracked 
|  46|0x00000000c2e00000, 0x00000000c2e00000, 0x00000000c2f00000|  0%| F|  |TAMS 0x00000000c2e00000, 0x00000000c2e00000| Untracked 
|  47|0x00000000c2f00000, 0x00000000c2f00000, 0x00000000c3000000|  0%| F|  |TAMS 0x00000000c2f00000, 0x00000000c2f00000| Untracked 
|  48|0x00000000c3000000, 0x00000000c3000000, 0x00000000c3100000|  0%| F|  |TAMS 0x00000000c3000000, 0x00000000c3000000| Untracked 
|  49|0x00000000c3100000, 0x00000000c3100000, 0x00000000c3200000|  0%| F|  |TAMS 0x00000000c3100000, 0x00000000c3100000| Untracked 
|  50|0x00000000c3200000, 0x00000000c3200000, 0x00000000c3300000|  0%| F|  |TAMS 0x00000000c3200000, 0x00000000c3200000| Untracked 
|  51|0x00000000c3300000, 0x00000000c3300000, 0x00000000c3400000|  0%| F|  |TAMS 0x00000000c3300000, 0x00000000c3300000| Untracked 
|  52|0x00000000c3400000, 0x00000000c3400000, 0x00000000c3500000|  0%| F|  |TAMS 0x00000000c3400000, 0x00000000c3400000| Untracked 
|  53|0x00000000c3500000, 0x00000000c3500000, 0x00000000c3600000|  0%| F|  |TAMS 0x00000000c3500000, 0x00000000c3500000| Untracked 
|  54|0x00000000c3600000, 0x00000000c3600000, 0x00000000c3700000|  0%| F|  |TAMS 0x00000000c3600000, 0x00000000c3600000| Untracked 
|  55|0x00000000c3700000, 0x00000000c3700000, 0x00000000c3800000|  0%| F|  |TAMS 0x00000000c3700000, 0x00000000c3700000| Untracked 
|  56|0x00000000c3800000, 0x00000000c3800000, 0x00000000c3900000|  0%| F|  |TAMS 0x00000000c3800000, 0x00000000c3800000| Untracked 
|  57|0x00000000c3900000, 0x00000000c3900000, 0x00000000c3a00000|  0%| F|  |TAMS 0x00000000c3900000, 0x00000000c3900000| Untracked 
|  58|0x00000000c3a00000, 0x00000000c3a00000, 0x00000000c3b00000|  0%| F|  |TAMS 0x00000000c3a00000, 0x00000000c3a00000| Untracked 
|  59|0x00000000c3b00000, 0x00000000c3b00000, 0x00000000c3c00000|  0%| F|  |TAMS 0x00000000c3b00000, 0x00000000c3b00000| Untracked 
|  60|0x00000000c3c00000, 0x00000000c3c00000, 0x00000000c3d00000|  0%| F|  |TAMS 0x00000000c3c00000, 0x00000000c3c00000| Untracked 
|  61|0x00000000c3d00000, 0x00000000c3d00000, 0x00000000c3e00000|  0%| F|  |TAMS 0x00000000c3d00000, 0x00000000c3d00000| Untracked 
|  62|0x00000000c3e00000, 0x00000000c3e00000, 0x00000000c3f00000|  0%| F|  |TAMS 0x00000000c3e00000, 0x00000000c3e00000| Untracked 
|  63|0x00000000c3f00000, 0x00000000c3f00000, 0x00000000c4000000|  0%| F|  |TAMS 0x00000000c3f00000, 0x00000000c3f00000| Untracked 
|  64|0x00000000c4000000, 0x00000000c4000000, 0x00000000c4100000|  0%| F|  |TAMS 0x00000000c4000000, 0x00000000c4000000| Untracked 
|  65|0x00000000c4100000, 0x00000000c4100000, 0x00000000c4200000|  0%| F|  |TAMS 0x00000000c4100000, 0x00000000c4100000| Untracked 
|  66|0x00000000c4200000, 0x00000000c4200000, 0x00000000c4300000|  0%| F|  |TAMS 0x00000000c4200000, 0x00000000c4200000| Untracked 
|  67|0x00000000c4300000, 0x00000000c4300000, 0x00000000c4400000|  0%| F|  |TAMS 0x00000000c4300000, 0x00000000c4300000| Untracked 
|  68|0x00000000c4400000, 0x00000000c4400000, 0x00000000c4500000|  0%| F|  |TAMS 0x00000000c4400000, 0x00000000c4400000| Untracked 
|  69|0x00000000c4500000, 0x00000000c4500000, 0x00000000c4600000|  0%| F|  |TAMS 0x00000000c4500000, 0x00000000c4500000| Untracked 
|  70|0x00000000c4600000, 0x00000000c4600000, 0x00000000c4700000|  0%| F|  |TAMS 0x00000000c4600000, 0x00000000c4600000| Untracked 
|  71|0x00000000c4700000, 0x00000000c4700000, 0x00000000c4800000|  0%| F|  |TAMS 0x00000000c4700000, 0x00000000c4700000| Untracked 
|  72|0x00000000c4800000, 0x00000000c4800000, 0x00000000c4900000|  0%| F|  |TAMS 0x00000000c4800000, 0x00000000c4800000| Untracked 
|  73|0x00000000c4900000, 0x00000000c4900000, 0x00000000c4a00000|  0%| F|  |TAMS 0x00000000c4900000, 0x00000000c4900000| Untracked 
|  74|0x00000000c4a00000, 0x00000000c4a00000, 0x00000000c4b00000|  0%| F|  |TAMS 0x00000000c4a00000, 0x00000000c4a00000| Untracked 
|  75|0x00000000c4b00000, 0x00000000c4b00000, 0x00000000c4c00000|  0%| F|  |TAMS 0x00000000c4b00000, 0x00000000c4b00000| Untracked 
|  76|0x00000000c4c00000, 0x00000000c4c00000, 0x00000000c4d00000|  0%| F|  |TAMS 0x00000000c4c00000, 0x00000000c4c00000| Untracked 
|  77|0x00000000c4d00000, 0x00000000c4d00000, 0x00000000c4e00000|  0%| F|  |TAMS 0x00000000c4d00000, 0x00000000c4d00000| Untracked 
|  78|0x00000000c4e00000, 0x00000000c4e00000, 0x00000000c4f00000|  0%| F|  |TAMS 0x00000000c4e00000, 0x00000000c4e00000| Untracked 
|  79|0x00000000c4f00000, 0x00000000c4f00000, 0x00000000c5000000|  0%| F|  |TAMS 0x00000000c4f00000, 0x00000000c4f00000| Untracked 
|  80|0x00000000c5000000, 0x00000000c5000000, 0x00000000c5100000|  0%| F|  |TAMS 0x00000000c5000000, 0x00000000c5000000| Untracked 
|  81|0x00000000c5100000, 0x00000000c5100000, 0x00000000c5200000|  0%| F|  |TAMS 0x00000000c5100000, 0x00000000c5100000| Untracked 
|  82|0x00000000c5200000, 0x00000000c5200000, 0x00000000c5300000|  0%| F|  |TAMS 0x00000000c5200000, 0x00000000c5200000| Untracked 
|  83|0x00000000c5300000, 0x00000000c5300000, 0x00000000c5400000|  0%| F|  |TAMS 0x00000000c5300000, 0x00000000c5300000| Untracked 
|  84|0x00000000c5400000, 0x00000000c5400000, 0x00000000c5500000|  0%| F|  |TAMS 0x00000000c5400000, 0x00000000c5400000| Untracked 
|  85|0x00000000c5500000, 0x00000000c552e478, 0x00000000c5600000| 18%| O|  |TAMS 0x00000000c552e478, 0x00000000c552e478| Untracked 
|  86|0x00000000c5600000, 0x00000000c5600000, 0x00000000c5700000|  0%| F|  |TAMS 0x00000000c5600000, 0x00000000c5600000| Untracked 
|  87|0x00000000c5700000, 0x00000000c5700000, 0x00000000c5800000|  0%| F|  |TAMS 0x00000000c5700000, 0x00000000c5700000| Untracked 
|  88|0x00000000c5800000, 0x00000000c5800000, 0x00000000c5900000|  0%| F|  |TAMS 0x00000000c5800000, 0x00000000c5800000| Untracked 
|  89|0x00000000c5900000, 0x00000000c5900000, 0x00000000c5a00000|  0%| F|  |TAMS 0x00000000c5900000, 0x00000000c5900000| Untracked 
|  90|0x00000000c5a00000, 0x00000000c5a00000, 0x00000000c5b00000|  0%| F|  |TAMS 0x00000000c5a00000, 0x00000000c5a00000| Untracked 
|  91|0x00000000c5b00000, 0x00000000c5b00000, 0x00000000c5c00000|  0%| F|  |TAMS 0x00000000c5b00000, 0x00000000c5b00000| Untracked 
|  92|0x00000000c5c00000, 0x00000000c5c00000, 0x00000000c5d00000|  0%| F|  |TAMS 0x00000000c5c00000, 0x00000000c5c00000| Untracked 
|  93|0x00000000c5d00000, 0x00000000c5d00000, 0x00000000c5e00000|  0%| F|  |TAMS 0x00000000c5d00000, 0x00000000c5d00000| Untracked 
|  94|0x00000000c5e00000, 0x00000000c5e00000, 0x00000000c5f00000|  0%| F|  |TAMS 0x00000000c5e00000, 0x00000000c5e00000| Untracked 
|  95|0x00000000c5f00000, 0x00000000c5f00000, 0x00000000c6000000|  0%| F|  |TAMS 0x00000000c5f00000, 0x00000000c5f00000| Untracked 
|  96|0x00000000c6000000, 0x00000000c6000000, 0x00000000c6100000|  0%| F|  |TAMS 0x00000000c6000000, 0x00000000c6000000| Untracked 
|  97|0x00000000c6100000, 0x00000000c6100000, 0x00000000c6200000|  0%| F|  |TAMS 0x00000000c6100000, 0x00000000c6100000| Untracked 
|  98|0x00000000c6200000, 0x00000000c6200000, 0x00000000c6300000|  0%| F|  |TAMS 0x00000000c6200000, 0x00000000c6200000| Untracked 
|  99|0x00000000c6300000, 0x00000000c6300000, 0x00000000c6400000|  0%| F|  |TAMS 0x00000000c6300000, 0x00000000c6300000| Untracked 
| 100|0x00000000c6400000, 0x00000000c6400000, 0x00000000c6500000|  0%| F|  |TAMS 0x00000000c6400000, 0x00000000c6400000| Untracked 
| 101|0x00000000c6500000, 0x00000000c6500000, 0x00000000c6600000|  0%| F|  |TAMS 0x00000000c6500000, 0x00000000c6500000| Untracked 
| 102|0x00000000c6600000, 0x00000000c6600000, 0x00000000c6700000|  0%| F|  |TAMS 0x00000000c6600000, 0x00000000c6600000| Untracked 
| 103|0x00000000c6700000, 0x00000000c6700000, 0x00000000c6800000|  0%| F|  |TAMS 0x00000000c6700000, 0x00000000c6700000| Untracked 
| 104|0x00000000c6800000, 0x00000000c6800000, 0x00000000c6900000|  0%| F|  |TAMS 0x00000000c6800000, 0x00000000c6800000| Untracked 
| 105|0x00000000c6900000, 0x00000000c6900000, 0x00000000c6a00000|  0%| F|  |TAMS 0x00000000c6900000, 0x00000000c6900000| Untracked 
| 106|0x00000000c6a00000, 0x00000000c6a00000, 0x00000000c6b00000|  0%| F|  |TAMS 0x00000000c6a00000, 0x00000000c6a00000| Untracked 
| 107|0x00000000c6b00000, 0x00000000c6b00000, 0x00000000c6c00000|  0%| F|  |TAMS 0x00000000c6b00000, 0x00000000c6b00000| Untracked 
| 108|0x00000000c6c00000, 0x00000000c6c5d600, 0x00000000c6d00000| 36%| S|CS|TAMS 0x00000000c6c00000, 0x00000000c6c00000| Complete 
| 109|0x00000000c6d00000, 0x00000000c6e00000, 0x00000000c6e00000|100%| S|CS|TAMS 0x00000000c6d00000, 0x00000000c6d00000| Complete 
| 110|0x00000000c6e00000, 0x00000000c6e00000, 0x00000000c6f00000|  0%| F|  |TAMS 0x00000000c6e00000, 0x00000000c6e00000| Untracked 
| 111|0x00000000c6f00000, 0x00000000c6f00000, 0x00000000c7000000|  0%| F|  |TAMS 0x00000000c6f00000, 0x00000000c6f00000| Untracked 
| 112|0x00000000c7000000, 0x00000000c7000000, 0x00000000c7100000|  0%| F|  |TAMS 0x00000000c7000000, 0x00000000c7000000| Untracked 
| 113|0x00000000c7100000, 0x00000000c7100000, 0x00000000c7200000|  0%| F|  |TAMS 0x00000000c7100000, 0x00000000c7100000| Untracked 
| 114|0x00000000c7200000, 0x00000000c7200000, 0x00000000c7300000|  0%| F|  |TAMS 0x00000000c7200000, 0x00000000c7200000| Untracked 
| 115|0x00000000c7300000, 0x00000000c7300000, 0x00000000c7400000|  0%| F|  |TAMS 0x00000000c7300000, 0x00000000c7300000| Untracked 
| 116|0x00000000c7400000, 0x00000000c7400000, 0x00000000c7500000|  0%| F|  |TAMS 0x00000000c7400000, 0x00000000c7400000| Untracked 
| 117|0x00000000c7500000, 0x00000000c7500000, 0x00000000c7600000|  0%| F|  |TAMS 0x00000000c7500000, 0x00000000c7500000| Untracked 
| 118|0x00000000c7600000, 0x00000000c7600000, 0x00000000c7700000|  0%| F|  |TAMS 0x00000000c7600000, 0x00000000c7600000| Untracked 
| 119|0x00000000c7700000, 0x00000000c7700000, 0x00000000c7800000|  0%| F|  |TAMS 0x00000000c7700000, 0x00000000c7700000| Untracked 
| 120|0x00000000c7800000, 0x00000000c7800000, 0x00000000c7900000|  0%| F|  |TAMS 0x00000000c7800000, 0x00000000c7800000| Untracked 
| 121|0x00000000c7900000, 0x00000000c7900000, 0x00000000c7a00000|  0%| F|  |TAMS 0x00000000c7900000, 0x00000000c7900000| Untracked 
| 122|0x00000000c7a00000, 0x00000000c7a00000, 0x00000000c7b00000|  0%| F|  |TAMS 0x00000000c7a00000, 0x00000000c7a00000| Untracked 
| 123|0x00000000c7b00000, 0x00000000c7b00000, 0x00000000c7c00000|  0%| F|  |TAMS 0x00000000c7b00000, 0x00000000c7b00000| Untracked 

Card table byte_map: [0x000001aab4e80000,0x000001aab5080000] _byte_map_base: 0x000001aab4880000

Marking Bits (Prev, Next): (CMBitMap*) 0x000001aaaef1c840, (CMBitMap*) 0x000001aaaef1c800
 Prev Bits: [0x000001aab6280000, 0x000001aab7280000)
 Next Bits: [0x000001aab5280000, 0x000001aab6280000)

Polling page: 0x000001aaace00000

Metaspace:

Usage:
  Non-class:     51.22 MB used.
      Class:      7.33 MB used.
       Both:     58.55 MB used.

Virtual space:
  Non-class space:       64.00 MB reserved,      51.50 MB ( 80%) committed,  1 nodes.
      Class space:        1.00 GB reserved,       7.56 MB ( <1%) committed,  1 nodes.
             Both:        1.06 GB reserved,      59.06 MB (  5%) committed. 

Chunk freelists:
   Non-Class:  12.06 MB
       Class:  8.32 MB
        Both:  20.38 MB

MaxMetaspaceSize: unlimited
CompressedClassSpaceSize: 1.00 GB
Initial GC threshold: 21.00 MB
Current GC threshold: 98.44 MB
CDS: off
MetaspaceReclaimPolicy: balanced
 - commit_granule_bytes: 65536.
 - commit_granule_words: 8192.
 - virtual_space_node_default_size: 8388608.
 - enlarge_chunks_in_place: 1.
 - new_chunks_are_fully_committed: 0.
 - uncommit_free_chunks: 1.
 - use_allocation_guard: 0.
 - handle_deallocations: 1.


Internal statistics:

num_allocs_failed_limit: 6.
num_arena_births: 806.
num_arena_deaths: 286.
num_vsnodes_births: 2.
num_vsnodes_deaths: 0.
num_space_committed: 945.
num_space_uncommitted: 0.
num_chunks_returned_to_freelist: 350.
num_chunks_taken_from_freelist: 2797.
num_chunk_merges: 102.
num_chunk_splits: 1814.
num_chunks_enlarged: 1360.
num_inconsistent_stats: 0.

CodeCache: size=49152Kb used=19020Kb max_used=20501Kb free=30131Kb
 bounds [0x000001aab1b70000, 0x000001aab3050000, 0x000001aab4b70000]
 total_blobs=10610 nmethods=9930 adapters=602
 compilation: enabled
              stopped_count=0, restarted_count=0
 full_count=0

Compilation events (20 events):
Event: 1394.629 Thread 0x000001aab9cf6d20 9923       1       org.eclipse.jdt.core.dom.Assignment::setOperator (32 bytes)
Event: 1394.629 Thread 0x000001aab9cf6d20 nmethod 9923 0x000001aab2ec2a90 code [0x000001aab2ec2c40, 0x000001aab2ec2e68]
Event: 1394.629 Thread 0x000001aab9cf6d20 9924       1       org.eclipse.jdt.core.dom.Assignment::setRightHandSide (41 bytes)
Event: 1394.629 Thread 0x000001aab9cf6d20 nmethod 9924 0x000001aab2ec2590 code [0x000001aab2ec2740, 0x000001aab2ec2968]
Event: 1394.655 Thread 0x000001aab9cf6d20 9925       1       sun.reflect.generics.scope.AbstractScope::lookup (66 bytes)
Event: 1394.656 Thread 0x000001aab9cf6d20 nmethod 9925 0x000001aab2ec1e90 code [0x000001aab2ec2060, 0x000001aab2ec2358]
Event: 1395.508 Thread 0x000001aab9cf6d20 9926       1       com.google.common.cache.LocalCache$StrongAccessWriteEntry::getNextInAccessQueue (5 bytes)
Event: 1395.508 Thread 0x000001aab9cf6d20 nmethod 9926 0x000001aab2ec1b90 code [0x000001aab2ec1d20, 0x000001aab2ec1df8]
Event: 1395.508 Thread 0x000001aab9cf6d20 9927       1       com.google.common.cache.LocalCache::connectAccessOrder (15 bytes)
Event: 1395.508 Thread 0x000001aab9cf6d20 nmethod 9927 0x000001aab2ec1810 code [0x000001aab2ec19c0, 0x000001aab2ec1ad8]
Event: 1395.509 Thread 0x000001aab9cf6d20 9928       1       com.google.common.cache.LocalCache$StrongAccessWriteEntry::getPreviousInAccessQueue (5 bytes)
Event: 1395.509 Thread 0x000001aab9cf6d20 nmethod 9928 0x000001aab2ec1510 code [0x000001aab2ec16a0, 0x000001aab2ec1778]
Event: 1395.509 Thread 0x000001aab9cf6d20 9929       1       com.google.common.cache.LocalCache::usesWriteQueue (5 bytes)
Event: 1395.509 Thread 0x000001aab9cf6d20 nmethod 9929 0x000001aab2ec1210 code [0x000001aab2ec13a0, 0x000001aab2ec1498]
Event: 1395.509 Thread 0x000001aab9cf6d20 9930       1       com.google.common.cache.LocalCache$AccessQueue$1::setPreviousInAccessQueue (6 bytes)
Event: 1395.509 Thread 0x000001aab9cf6d20 nmethod 9930 0x000001aab2ec0f10 code [0x000001aab2ec10a0, 0x000001aab2ec11b8]
Event: 1395.510 Thread 0x000001aab9cf6d20 9931       1       com.google.common.cache.LocalCache$AccessQueue$1::setNextInAccessQueue (6 bytes)
Event: 1395.510 Thread 0x000001aab9cf6d20 nmethod 9931 0x000001aab2ec0c10 code [0x000001aab2ec0da0, 0x000001aab2ec0eb8]
Event: 1395.512 Thread 0x000001aab9cf6d20 9932 %     1       org.springframework.ide.vscode.boot.metadata.SpringPropertyIndex::addMetadata @ 179 (268 bytes)
Event: 1395.513 Thread 0x000001aab9cf6d20 nmethod 9932% 0x000001aab2ebea90 code [0x000001aab2ebee60, 0x000001aab2ec00b8]

GC Heap History (20 events):
Event: 1277.317 GC heap after
{Heap after GC invocations=94 (full 12):
 garbage-first heap   total 126976K, used 42758K [0x00000000c0000000, 0x0000000100000000)
  region size 1024K, 1 young (1024K), 1 survivors (1024K)
 Metaspace       used 59957K, committed 60480K, reserved 1114112K
  class space    used 7505K, committed 7744K, reserved 1048576K
}
Event: 1277.323 GC heap before
{Heap before GC invocations=94 (full 12):
 garbage-first heap   total 126976K, used 47878K [0x00000000c0000000, 0x0000000100000000)
  region size 1024K, 6 young (6144K), 1 survivors (1024K)
 Metaspace       used 59957K, committed 60480K, reserved 1114112K
  class space    used 7505K, committed 7744K, reserved 1048576K
}
Event: 1277.324 GC heap after
{Heap after GC invocations=95 (full 12):
 garbage-first heap   total 126976K, used 41809K [0x00000000c0000000, 0x0000000100000000)
  region size 1024K, 1 young (1024K), 1 survivors (1024K)
 Metaspace       used 59957K, committed 60480K, reserved 1114112K
  class space    used 7505K, committed 7744K, reserved 1048576K
}
Event: 1277.578 GC heap before
{Heap before GC invocations=95 (full 12):
 garbage-first heap   total 126976K, used 46929K [0x00000000c0000000, 0x0000000100000000)
  region size 1024K, 7 young (7168K), 1 survivors (1024K)
 Metaspace       used 59957K, committed 60480K, reserved 1114112K
  class space    used 7505K, committed 7744K, reserved 1048576K
}
Event: 1277.580 GC heap after
{Heap after GC invocations=96 (full 12):
 garbage-first heap   total 126976K, used 42912K [0x00000000c0000000, 0x0000000100000000)
  region size 1024K, 2 young (2048K), 2 survivors (2048K)
 Metaspace       used 59957K, committed 60480K, reserved 1114112K
  class space    used 7505K, committed 7744K, reserved 1048576K
}
Event: 1281.848 GC heap before
{Heap before GC invocations=97 (full 12):
 garbage-first heap   total 126976K, used 110496K [0x00000000c0000000, 0x0000000100000000)
  region size 1024K, 50 young (51200K), 2 survivors (2048K)
 Metaspace       used 59957K, committed 60480K, reserved 1114112K
  class space    used 7505K, committed 7744K, reserved 1048576K
}
Event: 1281.851 GC heap after
{Heap after GC invocations=98 (full 12):
 garbage-first heap   total 126976K, used 47351K [0x00000000c0000000, 0x0000000100000000)
  region size 1024K, 6 young (6144K), 6 survivors (6144K)
 Metaspace       used 59957K, committed 60480K, reserved 1114112K
  class space    used 7505K, committed 7744K, reserved 1048576K
}
Event: 1281.854 GC heap before
{Heap before GC invocations=98 (full 12):
 garbage-first heap   total 126976K, used 48375K [0x00000000c0000000, 0x0000000100000000)
  region size 1024K, 7 young (7168K), 6 survivors (6144K)
 Metaspace       used 59957K, committed 60480K, reserved 1114112K
  class space    used 7505K, committed 7744K, reserved 1048576K
}
Event: 1281.856 GC heap after
{Heap after GC invocations=99 (full 12):
 garbage-first heap   total 126976K, used 46715K [0x00000000c0000000, 0x0000000100000000)
  region size 1024K, 1 young (1024K), 1 survivors (1024K)
 Metaspace       used 59957K, committed 60480K, reserved 1114112K
  class space    used 7505K, committed 7744K, reserved 1048576K
}
Event: 1283.030 GC heap before
{Heap before GC invocations=99 (full 12):
 garbage-first heap   total 126976K, used 92795K [0x00000000c0000000, 0x0000000100000000)
  region size 1024K, 46 young (47104K), 1 survivors (1024K)
 Metaspace       used 59957K, committed 60480K, reserved 1114112K
  class space    used 7505K, committed 7744K, reserved 1048576K
}
Event: 1283.032 GC heap after
{Heap after GC invocations=100 (full 12):
 garbage-first heap   total 126976K, used 48565K [0x00000000c0000000, 0x0000000100000000)
  region size 1024K, 2 young (2048K), 2 survivors (2048K)
 Metaspace       used 59957K, committed 60480K, reserved 1114112K
  class space    used 7505K, committed 7744K, reserved 1048576K
}
Event: 1285.179 GC heap before
{Heap before GC invocations=101 (full 12):
 garbage-first heap   total 126976K, used 115368K [0x00000000c0000000, 0x0000000100000000)
  region size 1024K, 46 young (47104K), 2 survivors (2048K)
 Metaspace       used 59957K, committed 60480K, reserved 1114112K
  class space    used 7505K, committed 7744K, reserved 1048576K
}
Event: 1285.181 GC heap after
{Heap after GC invocations=102 (full 12):
 garbage-first heap   total 126976K, used 50127K [0x00000000c0000000, 0x0000000100000000)
  region size 1024K, 3 young (3072K), 3 survivors (3072K)
 Metaspace       used 59957K, committed 60480K, reserved 1114112K
  class space    used 7505K, committed 7744K, reserved 1048576K
}
Event: 1285.193 GC heap before
{Heap before GC invocations=102 (full 12):
 garbage-first heap   total 126976K, used 53199K [0x00000000c0000000, 0x0000000100000000)
  region size 1024K, 6 young (6144K), 3 survivors (3072K)
 Metaspace       used 59957K, committed 60480K, reserved 1114112K
  class space    used 7505K, committed 7744K, reserved 1048576K
}
Event: 1285.195 GC heap after
{Heap after GC invocations=103 (full 12):
 garbage-first heap   total 126976K, used 43788K [0x00000000c0000000, 0x0000000100000000)
  region size 1024K, 1 young (1024K), 1 survivors (1024K)
 Metaspace       used 59957K, committed 60480K, reserved 1114112K
  class space    used 7505K, committed 7744K, reserved 1048576K
}
Event: 1357.778 GC heap before
{Heap before GC invocations=103 (full 12):
 garbage-first heap   total 126976K, used 72460K [0x00000000c0000000, 0x0000000100000000)
  region size 1024K, 30 young (30720K), 1 survivors (1024K)
 Metaspace       used 59957K, committed 60480K, reserved 1114112K
  class space    used 7505K, committed 7744K, reserved 1048576K
}
Event: 1357.812 GC heap after
{Heap after GC invocations=104 (full 13):
 garbage-first heap   total 126976K, used 39303K [0x00000000c0000000, 0x0000000100000000)
  region size 1024K, 0 young (0K), 0 survivors (0K)
 Metaspace       used 59957K, committed 60480K, reserved 1114112K
  class space    used 7505K, committed 7744K, reserved 1048576K
}
Event: 1395.439 GC heap before
{Heap before GC invocations=104 (full 13):
 garbage-first heap   total 126976K, used 77191K [0x00000000c0000000, 0x0000000100000000)
  region size 1024K, 38 young (38912K), 0 survivors (0K)
 Metaspace       used 59958K, committed 60480K, reserved 1114112K
  class space    used 7505K, committed 7744K, reserved 1048576K
}
Event: 1395.440 GC heap after
{Heap after GC invocations=105 (full 13):
 garbage-first heap   total 126976K, used 39844K [0x00000000c0000000, 0x0000000100000000)
  region size 1024K, 1 young (1024K), 1 survivors (1024K)
 Metaspace       used 59958K, committed 60480K, reserved 1114112K
  class space    used 7505K, committed 7744K, reserved 1048576K
}
Event: 1397.657 GC heap before
{Heap before GC invocations=106 (full 13):
 garbage-first heap   total 126976K, used 61986K [0x00000000c0000000, 0x0000000100000000)
  region size 1024K, 15 young (15360K), 1 survivors (1024K)
 Metaspace       used 59958K, committed 60480K, reserved 1114112K
  class space    used 7505K, committed 7744K, reserved 1048576K
}

Dll operation events (10 events):
Event: 0.010 Loaded shared library c:\Users\aluno.LABINFO\.vscode\extensions\redhat.java-1.28.1-win32-x64\jre\17.0.10-win32-x86_64\bin\java.dll
Event: 0.403 Loaded shared library C:\Users\aluno.LABINFO\.vscode\extensions\redhat.java-1.28.1-win32-x64\jre\17.0.10-win32-x86_64\bin\net.dll
Event: 0.407 Loaded shared library C:\Users\aluno.LABINFO\.vscode\extensions\redhat.java-1.28.1-win32-x64\jre\17.0.10-win32-x86_64\bin\nio.dll
Event: 0.426 Loaded shared library C:\Users\aluno.LABINFO\.vscode\extensions\redhat.java-1.28.1-win32-x64\jre\17.0.10-win32-x86_64\bin\zip.dll
Event: 0.808 Loaded shared library C:\Users\aluno.LABINFO\.vscode\extensions\redhat.java-1.28.1-win32-x64\jre\17.0.10-win32-x86_64\bin\jimage.dll
Event: 1.954 Loaded shared library c:\Users\aluno.LABINFO\.vscode\extensions\redhat.java-1.28.1-win32-x64\jre\17.0.10-win32-x86_64\bin\verify.dll
Event: 4.251 Loaded shared library C:\Users\aluno.LABINFO\.vscode\extensions\redhat.java-1.28.1-win32-x64\jre\17.0.10-win32-x86_64\bin\management.dll
Event: 4.254 Loaded shared library C:\Users\aluno.LABINFO\.vscode\extensions\redhat.java-1.28.1-win32-x64\jre\17.0.10-win32-x86_64\bin\management_ext.dll
Event: 5.484 Loaded shared library C:\Users\aluno.LABINFO\.vscode\extensions\redhat.java-1.28.1-win32-x64\jre\17.0.10-win32-x86_64\bin\sunmscapi.dll
Event: 5.861 Loaded shared library C:\Users\aluno.LABINFO\.vscode\extensions\redhat.java-1.28.1-win32-x64\jre\17.0.10-win32-x86_64\bin\extnet.dll

Deoptimization events (12 events):
Event: 4.529 Thread 0x000001aabf95d6e0 DEOPT PACKING pc=0x000001aab2133481 sp=0x00000002957fdb50
Event: 4.529 Thread 0x000001aabf95d6e0 DEOPT UNPACKING pc=0x000001aab1bcace3 sp=0x00000002957fcfe0 mode 3
Event: 4.538 Thread 0x000001aabf97d480 DEOPT PACKING pc=0x000001aab2112417 sp=0x00000002958ff060
Event: 4.538 Thread 0x000001aabf97d480 DEOPT UNPACKING pc=0x000001aab1bcace3 sp=0x00000002958fe4b8 mode 3
Event: 5.564 Thread 0x000001aac012b3d0 DEOPT PACKING pc=0x000001aab1dede0c sp=0x0000000296afab00
Event: 5.564 Thread 0x000001aac012b3d0 DEOPT UNPACKING pc=0x000001aab1bcace3 sp=0x0000000296af9fc8 mode 0
Event: 182.283 Thread 0x000001aabf95d6e0 DEOPT PACKING pc=0x000001aab22059d4 sp=0x00000002957fee20
Event: 182.283 Thread 0x000001aabf95d6e0 DEOPT UNPACKING pc=0x000001aab1bcace3 sp=0x00000002957fe2a8 mode 0
Event: 278.202 Thread 0x000001aac012e160 DEOPT PACKING pc=0x000001aab294a0cc sp=0x00000002934fe810
Event: 278.203 Thread 0x000001aac012e160 DEOPT UNPACKING pc=0x000001aab1bcace3 sp=0x00000002934fdd28 mode 0
Event: 369.455 Thread 0x000001aac012e160 DEOPT PACKING pc=0x000001aab27aa4bc sp=0x00000002934fe040
Event: 369.455 Thread 0x000001aac012e160 DEOPT UNPACKING pc=0x000001aab1bcace3 sp=0x00000002934fd528 mode 0

Classes unloaded (20 events):
Event: 817.371 Thread 0x000001aab9cbada0 Unloading class 0x000000010008c000 'java/lang/invoke/LambdaForm$MH+0x000000010008c000'
Event: 817.371 Thread 0x000001aab9cbada0 Unloading class 0x000000010008e800 'java/lang/invoke/LambdaForm$MH+0x000000010008e800'
Event: 817.371 Thread 0x000001aab9cbada0 Unloading class 0x0000000100094400 'java/lang/invoke/LambdaForm$MH+0x0000000100094400'
Event: 817.371 Thread 0x000001aab9cbada0 Unloading class 0x0000000100096000 'java/lang/invoke/LambdaForm$MH+0x0000000100096000'
Event: 817.371 Thread 0x000001aab9cbada0 Unloading class 0x0000000100251000 'java/lang/invoke/LambdaForm$MH+0x0000000100251000'
Event: 817.371 Thread 0x000001aab9cbada0 Unloading class 0x0000000100265c00 'java/lang/invoke/LambdaForm$MH+0x0000000100265c00'
Event: 817.371 Thread 0x000001aab9cbada0 Unloading class 0x0000000100266800 'java/lang/invoke/LambdaForm$MH+0x0000000100266800'
Event: 905.807 Thread 0x000001aab9cbada0 Unloading class 0x0000000100408000 'java/lang/invoke/LambdaForm$MH+0x0000000100408000'
Event: 905.807 Thread 0x000001aab9cbada0 Unloading class 0x0000000100408800 'java/lang/invoke/LambdaForm$MH+0x0000000100408800'
Event: 905.807 Thread 0x000001aab9cbada0 Unloading class 0x000000010042c400 'java/lang/invoke/LambdaForm$MH+0x000000010042c400'
Event: 905.807 Thread 0x000001aab9cbada0 Unloading class 0x000000010042e000 'java/lang/invoke/LambdaForm$MH+0x000000010042e000'
Event: 956.838 Thread 0x000001aab9cbada0 Unloading class 0x000000010039e000 'jdk/internal/reflect/GeneratedConstructorAccessor57'
Event: 956.838 Thread 0x000001aab9cbada0 Unloading class 0x00000001003b0400 'jdk/internal/reflect/GeneratedConstructorAccessor53'
Event: 956.838 Thread 0x000001aab9cbada0 Unloading class 0x0000000100551800 'jdk/internal/reflect/GeneratedMethodAccessor24'
Event: 956.838 Thread 0x000001aab9cbada0 Unloading class 0x0000000100614800 'jdk/internal/reflect/GeneratedConstructorAccessor49'
Event: 956.838 Thread 0x000001aab9cbada0 Unloading class 0x000000010061c000 'jdk/internal/reflect/GeneratedMethodAccessor23'
Event: 956.838 Thread 0x000001aab9cbada0 Unloading class 0x000000010062c800 'jdk/internal/reflect/GeneratedConstructorAccessor48'
Event: 956.838 Thread 0x000001aab9cbada0 Unloading class 0x00000001006d8000 'jdk/internal/reflect/GeneratedMethodAccessor22'
Event: 956.838 Thread 0x000001aab9cbada0 Unloading class 0x0000000100772400 'jdk/internal/reflect/GeneratedMethodAccessor21'
Event: 956.838 Thread 0x000001aab9cbada0 Unloading class 0x000000010077ec00 'jdk/internal/reflect/GeneratedMethodAccessor20'

Classes redefined (0 events):
No events

Internal exceptions (20 events):
Event: 1395.428 Thread 0x000001aac012d740 Exception <a 'sun/nio/fs/WindowsException'{0x00000000c759a978}> (0x00000000c759a978) 
thrown [s\src\hotspot\share\prims\jni.cpp, line 516]
Event: 1395.428 Thread 0x000001aac012d740 Exception <a 'sun/nio/fs/WindowsException'{0x00000000c759b108}> (0x00000000c759b108) 
thrown [s\src\hotspot\share\prims\jni.cpp, line 516]
Event: 1395.428 Thread 0x000001aac012d740 Exception <a 'sun/nio/fs/WindowsException'{0x00000000c759b4e0}> (0x00000000c759b4e0) 
thrown [s\src\hotspot\share\prims\jni.cpp, line 516]
Event: 1395.428 Thread 0x000001aac012d740 Exception <a 'sun/nio/fs/WindowsException'{0x00000000c759c468}> (0x00000000c759c468) 
thrown [s\src\hotspot\share\prims\jni.cpp, line 516]
Event: 1395.428 Thread 0x000001aac012d740 Exception <a 'sun/nio/fs/WindowsException'{0x00000000c759c880}> (0x00000000c759c880) 
thrown [s\src\hotspot\share\prims\jni.cpp, line 516]
Event: 1395.429 Thread 0x000001aac012d740 Exception <a 'sun/nio/fs/WindowsException'{0x00000000c759d5e8}> (0x00000000c759d5e8) 
thrown [s\src\hotspot\share\prims\jni.cpp, line 516]
Event: 1395.429 Thread 0x000001aac012d740 Exception <a 'sun/nio/fs/WindowsException'{0x00000000c759dd78}> (0x00000000c759dd78) 
thrown [s\src\hotspot\share\prims\jni.cpp, line 516]
Event: 1395.429 Thread 0x000001aac012d740 Exception <a 'sun/nio/fs/WindowsException'{0x00000000c759e150}> (0x00000000c759e150) 
thrown [s\src\hotspot\share\prims\jni.cpp, line 516]
Event: 1395.429 Thread 0x000001aac012d740 Exception <a 'sun/nio/fs/WindowsException'{0x00000000c759f0d8}> (0x00000000c759f0d8) 
thrown [s\src\hotspot\share\prims\jni.cpp, line 516]
Event: 1395.429 Thread 0x000001aac012d740 Exception <a 'sun/nio/fs/WindowsException'{0x00000000c759f4f0}> (0x00000000c759f4f0) 
thrown [s\src\hotspot\share\prims\jni.cpp, line 516]
Event: 1395.504 Thread 0x000001aac012d740 Exception <a 'sun/nio/fs/WindowsException'{0x00000000c71e7298}> (0x00000000c71e7298) 
thrown [s\src\hotspot\share\prims\jni.cpp, line 516]
Event: 1395.504 Thread 0x000001aac012d740 Exception <a 'sun/nio/fs/WindowsException'{0x00000000c71e79e8}> (0x00000000c71e79e8) 
thrown [s\src\hotspot\share\prims\jni.cpp, line 516]
Event: 1395.504 Thread 0x000001aac012d740 Exception <a 'sun/nio/fs/WindowsException'{0x00000000c71e7da0}> (0x00000000c71e7da0) 
thrown [s\src\hotspot\share\prims\jni.cpp, line 516]
Event: 1395.504 Thread 0x000001aac012d740 Exception <a 'sun/nio/fs/WindowsException'{0x00000000c71e8d00}> (0x00000000c71e8d00) 
thrown [s\src\hotspot\share\prims\jni.cpp, line 516]
Event: 1395.504 Thread 0x000001aac012d740 Exception <a 'sun/nio/fs/WindowsException'{0x00000000c71e90f0}> (0x00000000c71e90f0) 
thrown [s\src\hotspot\share\prims\jni.cpp, line 516]
Event: 1395.504 Thread 0x000001aac012d740 Exception <a 'sun/nio/fs/WindowsException'{0x00000000c71e9e58}> (0x00000000c71e9e58) 
thrown [s\src\hotspot\share\prims\jni.cpp, line 516]
Event: 1395.504 Thread 0x000001aac012d740 Exception <a 'sun/nio/fs/WindowsException'{0x00000000c71ea5e8}> (0x00000000c71ea5e8) 
thrown [s\src\hotspot\share\prims\jni.cpp, line 516]
Event: 1395.504 Thread 0x000001aac012d740 Exception <a 'sun/nio/fs/WindowsException'{0x00000000c71ea9c0}> (0x00000000c71ea9c0) 
thrown [s\src\hotspot\share\prims\jni.cpp, line 516]
Event: 1395.504 Thread 0x000001aac012d740 Exception <a 'sun/nio/fs/WindowsException'{0x00000000c71eb948}> (0x00000000c71eb948) 
thrown [s\src\hotspot\share\prims\jni.cpp, line 516]
Event: 1395.504 Thread 0x000001aac012d740 Exception <a 'sun/nio/fs/WindowsException'{0x00000000c71ebd60}> (0x00000000c71ebd60) 
thrown [s\src\hotspot\share\prims\jni.cpp, line 516]

VM Operations (20 events):
Event: 1297.284 Executing VM operation: Cleanup done
Event: 1299.291 Executing VM operation: Cleanup
Event: 1299.291 Executing VM operation: Cleanup done
Event: 1307.346 Executing VM operation: Cleanup
Event: 1307.347 Executing VM operation: Cleanup done
Event: 1322.793 Executing VM operation: HandshakeAllThreads
Event: 1322.793 Executing VM operation: HandshakeAllThreads done
Event: 1357.778 Executing VM operation: G1CollectFull
Event: 1357.812 Executing VM operation: G1CollectFull done
Event: 1395.119 Executing VM operation: Cleanup
Event: 1395.119 Executing VM operation: Cleanup done
Event: 1395.439 Executing VM operation: G1TryInitiateConcMark
Event: 1395.440 Executing VM operation: G1TryInitiateConcMark done
Event: 1395.455 Executing VM operation: G1PauseRemark
Event: 1395.468 Executing VM operation: G1PauseRemark done
Event: 1395.473 Executing VM operation: G1PauseCleanup
Event: 1395.473 Executing VM operation: G1PauseCleanup done
Event: 1396.474 Executing VM operation: Cleanup
Event: 1396.474 Executing VM operation: Cleanup done
Event: 1397.656 Executing VM operation: G1TryInitiateConcMark

Events (20 events):
Event: 1208.112 Thread 0x000001aac012c810 Thread exited: 0x000001aac012c810
Event: 1237.343 Thread 0x000001aabf478050 Thread added: 0x000001aabf478050
Event: 1242.426 Thread 0x000001aabf478050 Thread exited: 0x000001aabf478050
Event: 1251.155 Thread 0x000001aabf478050 Thread added: 0x000001aabf478050
Event: 1251.155 Thread 0x000001aabf47a580 Thread added: 0x000001aabf47a580
Event: 1251.155 Thread 0x000001aabf478af0 Thread added: 0x000001aabf478af0
Event: 1251.655 Thread 0x000001aac012eb80 Thread added: 0x000001aac012eb80
Event: 1252.026 Thread 0x000001aabf478af0 Thread exited: 0x000001aabf478af0
Event: 1252.026 Thread 0x000001aabf47a580 Thread exited: 0x000001aabf47a580
Event: 1252.890 Thread 0x000001aabf478050 Thread exited: 0x000001aabf478050
Event: 1252.902 Thread 0x000001aabf479590 Thread added: 0x000001aabf479590
Event: 1252.902 Thread 0x000001aabf478050 Thread added: 0x000001aabf478050
Event: 1252.902 Thread 0x000001aabf479ae0 Thread added: 0x000001aabf479ae0
Event: 1259.194 Thread 0x000001aabf479ae0 Thread exited: 0x000001aabf479ae0
Event: 1259.194 Thread 0x000001aabf478050 Thread exited: 0x000001aabf478050
Event: 1264.205 Thread 0x000001aabf479590 Thread exited: 0x000001aabf479590
Event: 1307.232 Thread 0x000001aac0129570 Thread added: 0x000001aac0129570
Event: 1344.272 Thread 0x000001aac012eb80 Thread exited: 0x000001aac012eb80
Event: 1367.267 Thread 0x000001aac012e670 Thread exited: 0x000001aac012e670
Event: 1395.243 Thread 0x000001aac0129a80 Thread added: 0x000001aac0129a80


Dynamic libraries:
0x00007ff78fd40000 - 0x00007ff78fd4e000 	c:\Users\aluno.LABINFO\.vscode\extensions\redhat.java-1.28.1-win32-x64\jre\17.0.10-win32-x86_64\bin\java.exe
0x00007ff86d050000 - 0x00007ff86d248000 	C:\Windows\SYSTEM32\ntdll.dll
0x00007ff86bbf0000 - 0x00007ff86bcad000 	C:\Windows\System32\KERNEL32.DLL
0x00007ff86ada0000 - 0x00007ff86b096000 	C:\Windows\System32\KERNELBASE.dll
0x00007ff86a9c0000 - 0x00007ff86aac0000 	C:\Windows\System32\ucrtbase.dll
0x00007ff85f8b0000 - 0x00007ff85f8c7000 	c:\Users\aluno.LABINFO\.vscode\extensions\redhat.java-1.28.1-win32-x64\jre\17.0.10-win32-x86_64\bin\jli.dll
0x00007ff85e810000 - 0x00007ff85e82b000 	c:\Users\aluno.LABINFO\.vscode\extensions\redhat.java-1.28.1-win32-x64\jre\17.0.10-win32-x86_64\bin\VCRUNTIME140.dll
0x00007ff86b260000 - 0x00007ff86b3fe000 	C:\Windows\System32\USER32.dll
0x00007ff86a8b0000 - 0x00007ff86a8d2000 	C:\Windows\System32\win32u.dll
0x00007ff86c610000 - 0x00007ff86c63c000 	C:\Windows\System32\GDI32.dll
0x00007ff86a790000 - 0x00007ff86a8aa000 	C:\Windows\System32\gdi32full.dll
0x00007ff85bf40000 - 0x00007ff85c1da000 	C:\Windows\WinSxS\amd64_microsoft.windows.common-controls_6595b64144ccf1df_6.0.19041.3636_none_60b6a03d71f818d5\COMCTL32.dll
0x00007ff86c480000 - 0x00007ff86c51e000 	C:\Windows\System32\msvcrt.dll
0x00007ff86aac0000 - 0x00007ff86ab5d000 	C:\Windows\System32\msvcp_win.dll
0x00007ff86c640000 - 0x00007ff86c670000 	C:\Windows\System32\IMM32.DLL
0x00007ff861780000 - 0x00007ff86178c000 	c:\Users\aluno.LABINFO\.vscode\extensions\redhat.java-1.28.1-win32-x64\jre\17.0.10-win32-x86_64\bin\vcruntime140_1.dll
0x00007ff858550000 - 0x00007ff8585dd000 	c:\Users\aluno.LABINFO\.vscode\extensions\redhat.java-1.28.1-win32-x64\jre\17.0.10-win32-x86_64\bin\msvcp140.dll
0x00007ff820950000 - 0x00007ff8215b2000 	c:\Users\aluno.LABINFO\.vscode\extensions\redhat.java-1.28.1-win32-x64\jre\17.0.10-win32-x86_64\bin\server\jvm.dll
0x00007ff86c530000 - 0x00007ff86c5e3000 	C:\Windows\System32\ADVAPI32.dll
0x00007ff86cf50000 - 0x00007ff86cfef000 	C:\Windows\System32\sechost.dll
0x00007ff86b9a0000 - 0x00007ff86bac6000 	C:\Windows\System32\RPCRT4.dll
0x00007ff86a8e0000 - 0x00007ff86a907000 	C:\Windows\System32\bcrypt.dll
0x00007ff86a130000 - 0x00007ff86a17b000 	C:\Windows\SYSTEM32\POWRPROF.dll
0x00007ff8562b0000 - 0x00007ff8562d7000 	C:\Windows\SYSTEM32\WINMM.dll
0x00007ff861400000 - 0x00007ff86140a000 	C:\Windows\SYSTEM32\VERSION.dll
0x00007ff854410000 - 0x00007ff854419000 	C:\Windows\SYSTEM32\WSOCK32.dll
0x00007ff86b4f0000 - 0x00007ff86b55b000 	C:\Windows\System32\WS2_32.dll
0x00007ff86a110000 - 0x00007ff86a122000 	C:\Windows\SYSTEM32\UMPDC.dll
0x00007ff868d40000 - 0x00007ff868d52000 	C:\Windows\SYSTEM32\kernel.appcore.dll
0x00007ff861760000 - 0x00007ff86176a000 	c:\Users\aluno.LABINFO\.vscode\extensions\redhat.java-1.28.1-win32-x64\jre\17.0.10-win32-x86_64\bin\jimage.dll
0x00007ff868270000 - 0x00007ff868454000 	C:\Windows\SYSTEM32\DBGHELP.DLL
0x00007ff853a30000 - 0x00007ff853a64000 	C:\Windows\SYSTEM32\dbgcore.DLL
0x00007ff86acc0000 - 0x00007ff86ad42000 	C:\Windows\System32\bcryptPrimitives.dll
0x00007ff85e6d0000 - 0x00007ff85e6f5000 	c:\Users\aluno.LABINFO\.vscode\extensions\redhat.java-1.28.1-win32-x64\jre\17.0.10-win32-x86_64\bin\java.dll
0x00007ff85e7a0000 - 0x00007ff85e7b8000 	c:\Users\aluno.LABINFO\.vscode\extensions\redhat.java-1.28.1-win32-x64\jre\17.0.10-win32-x86_64\bin\zip.dll
0x00007ff86c6d0000 - 0x00007ff86ce15000 	C:\Windows\System32\SHELL32.dll
0x00007ff868590000 - 0x00007ff868d2b000 	C:\Windows\SYSTEM32\windows.storage.dll
0x00007ff86c120000 - 0x00007ff86c474000 	C:\Windows\System32\combase.dll
0x00007ff869fa0000 - 0x00007ff869fcd000 	C:\Windows\SYSTEM32\Wldp.dll
0x00007ff86b8f0000 - 0x00007ff86b99d000 	C:\Windows\System32\SHCORE.dll
0x00007ff86b560000 - 0x00007ff86b5b5000 	C:\Windows\System32\shlwapi.dll
0x00007ff86a650000 - 0x00007ff86a675000 	C:\Windows\SYSTEM32\profapi.dll
0x00007ff85e6b0000 - 0x00007ff85e6c9000 	C:\Users\aluno.LABINFO\.vscode\extensions\redhat.java-1.28.1-win32-x64\jre\17.0.10-win32-x86_64\bin\net.dll
0x00007ff864ea0000 - 0x00007ff864faa000 	C:\Windows\SYSTEM32\WINHTTP.dll
0x00007ff869d80000 - 0x00007ff869dea000 	C:\Windows\system32\mswsock.dll
0x00007ff85e3e0000 - 0x00007ff85e3f6000 	C:\Users\aluno.LABINFO\.vscode\extensions\redhat.java-1.28.1-win32-x64\jre\17.0.10-win32-x86_64\bin\nio.dll
0x00007ff85e9f0000 - 0x00007ff85ea00000 	c:\Users\aluno.LABINFO\.vscode\extensions\redhat.java-1.28.1-win32-x64\jre\17.0.10-win32-x86_64\bin\verify.dll
0x00007ff86a040000 - 0x00007ff86a058000 	C:\Windows\SYSTEM32\CRYPTSP.dll
0x00007ff8696d0000 - 0x00007ff869704000 	C:\Windows\system32\rsaenh.dll
0x00007ff86a5d0000 - 0x00007ff86a5fe000 	C:\Windows\SYSTEM32\USERENV.dll
0x00007ff869f10000 - 0x00007ff869f1c000 	C:\Windows\SYSTEM32\CRYPTBASE.dll
0x00007ff869a90000 - 0x00007ff869acb000 	C:\Windows\SYSTEM32\IPHLPAPI.DLL
0x00007ff86c5f0000 - 0x00007ff86c5f8000 	C:\Windows\System32\NSI.dll
0x00007ff8644a0000 - 0x00007ff8644b7000 	C:\Windows\SYSTEM32\dhcpcsvc6.DLL
0x00007ff864480000 - 0x00007ff86449d000 	C:\Windows\SYSTEM32\dhcpcsvc.DLL
0x00007ff869ad0000 - 0x00007ff869b9a000 	C:\Windows\SYSTEM32\DNSAPI.dll
0x00007ff85df80000 - 0x00007ff85df89000 	C:\Users\aluno.LABINFO\.vscode\extensions\redhat.java-1.28.1-win32-x64\jre\17.0.10-win32-x86_64\bin\management.dll
0x00007ff85de50000 - 0x00007ff85de5b000 	C:\Users\aluno.LABINFO\.vscode\extensions\redhat.java-1.28.1-win32-x64\jre\17.0.10-win32-x86_64\bin\management_ext.dll
0x00007ff86c600000 - 0x00007ff86c608000 	C:\Windows\System32\PSAPI.DLL
0x00007ff867a10000 - 0x00007ff867a1e000 	C:\Users\aluno.LABINFO\.vscode\extensions\redhat.java-1.28.1-win32-x64\jre\17.0.10-win32-x86_64\bin\sunmscapi.dll
0x00007ff86ab60000 - 0x00007ff86acbd000 	C:\Windows\System32\CRYPT32.dll
0x00007ff86a1c0000 - 0x00007ff86a1e8000 	C:\Windows\SYSTEM32\ncrypt.dll
0x00007ff86a180000 - 0x00007ff86a1bb000 	C:\Windows\SYSTEM32\NTASN1.dll
0x00000000750f0000 - 0x0000000075116000 	C:\Program Files\Bonjour\mdnsNSP.dll
0x00007ff862a70000 - 0x00007ff862a7a000 	C:\Windows\System32\rasadhlp.dll
0x00007ff8644c0000 - 0x00007ff864540000 	C:\Windows\System32\fwpuclnt.dll
0x00007ff863780000 - 0x00007ff863789000 	C:\Users\aluno.LABINFO\.vscode\extensions\redhat.java-1.28.1-win32-x64\jre\17.0.10-win32-x86_64\bin\extnet.dll

dbghelp: loaded successfully - version: 4.0.5 - missing functions: none
symbol engine: initialized successfully - sym options: 0x614 - pdb path: .;c:\Users\aluno.LABINFO\.vscode\extensions\redhat.java-1.28.1-win32-x64\jre\17.0.10-win32-x86_64\bin;C:\Windows\SYSTEM32;C:\Windows\WinSxS\amd64_microsoft.windows.common-controls_6595b64144ccf1df_6.0.19041.3636_none_60b6a03d71f818d5;c:\Users\aluno.LABINFO\.vscode\extensions\redhat.java-1.28.1-win32-x64\jre\17.0.10-win32-x86_64\bin\server;C:\Program Files\Bonjour

VM Arguments:
jvm_args: -XX:+HeapDumpOnOutOfMemoryError -Xmx1024m -Dsts.lsp.client=vscode -Dsts.log.file=/dev/null -XX:TieredStopAtLevel=1 -Xlog:jni+resolve=off -Dspring.config.location=file:c:\Users\aluno.LABINFO\.vscode\extensions\vmware.vscode-spring-boot-1.52.0\language-server\BOOT-INF\classes\application.properties 
java_command: org.springframework.ide.vscode.boot.app.BootLanguageServerBootApp
java_class_path (initial): c:\Users\aluno.LABINFO\.vscode\extensions\vmware.vscode-spring-boot-1.52.0\language-server\BOOT-INF\classes;c:\Users\aluno.LABINFO\.vscode\extensions\vmware.vscode-spring-boot-1.52.0\language-server\BOOT-INF\lib\annotations-24.1.0.jar;c:\Users\aluno.LABINFO\.vscode\extensions\vmware.vscode-spring-boot-1.52.0\language-server\BOOT-INF\lib\antlr4-runtime-4.11.1.jar;c:\Users\aluno.LABINFO\.vscode\extensions\vmware.vscode-spring-boot-1.52.0\language-server\BOOT-INF\lib\asm-9.6.jar;c:\Users\aluno.LABINFO\.vscode\extensions\vmware.vscode-spring-boot-1.52.0\language-server\BOOT-INF\lib\asm-analysis-9.6.jar;c:\Users\aluno.LABINFO\.vscode\extensions\vmware.vscode-spring-boot-1.52.0\language-server\BOOT-INF\lib\asm-tree-9.6.jar;c:\Users\aluno.LABINFO\.vscode\extensions\vmware.vscode-spring-boot-1.52.0\language-server\BOOT-INF\lib\asm-util-9.6.jar;c:\Users\aluno.LABINFO\.vscode\extensions\vmware.vscode-spring-boot-1.52.0\language-server\BOOT-INF\lib\caffeine-3.1.8.jar;c:\Users\aluno.LABINFO\.vscode\extensions\vmware.vscode-spring-boot-1.52.0\language-server\BOOT-INF\lib\checker-qual-3.12.0.jar;c:\Users\aluno.LABINFO\.vscode\extensions\vmware.vscode-spring-boot-1.52.0\language-server\BOOT-INF\lib\classgraph-4.8.149.jar;c:\Users\aluno.LABINFO\.vscode\extensions\vmware.vscode-spring-boot-1.52.0\language-server\BOOT-INF\lib\commons-codec-1.16.0.jar;c:\Users\aluno.LABINFO\.vscode\extensions\vmware.vscode-spring-boot-1.52.0\language-server\BOOT-INF\lib\commons-compress-1.25.0.jar;c:\Users\aluno.LABINFO\.vscode\extensions\vmware.vscode-spring-boot-1.52.0\language-server\BOOT-INF\lib\commons-io-2.4.jar;c:\Users\aluno.LABINFO\.vscode\extensions\vmware.vscode-spring-boot-1.52.0\language-server\BOOT-INF\lib\commons-java-1.52.0-SNAPSHOT.jar;c:\Users\aluno.LABINFO\.vscode\extensions\vmware.vscode-spring-boot-1.52.0\language-server\BOOT-INF\lib\commons-lang3-3.13.0.jar;c:\Users\aluno.LABINFO\.vscode\extensions\vmware.vscode-spring-boot-1.52.0\language-server\BOOT
Launcher Type: SUN_STANDARD

[Global flags]
     intx CICompilerCount                          = 4                                         {product} {ergonomic}
     uint ConcGCThreads                            = 2                                         {product} {ergonomic}
     uint G1ConcRefinementThreads                  = 8                                         {product} {ergonomic}
   size_t G1HeapRegionSize                         = 1048576                                   {product} {ergonomic}
    uintx GCDrainStackTargetSize                   = 64                                        {product} {ergonomic}
     bool HeapDumpOnOutOfMemoryError               = true                                   {manageable} {command line}
   size_t InitialHeapSize                          = 132120576                                 {product} {ergonomic}
   size_t MarkStackSize                            = 4194304                                   {product} {ergonomic}
   size_t MaxHeapSize                              = 1073741824                                {product} {command line}
   size_t MaxNewSize                               = 643825664                                 {product} {ergonomic}
   size_t MinHeapDeltaBytes                        = 1048576                                   {product} {ergonomic}
   size_t MinHeapSize                              = 8388608                                   {product} {ergonomic}
    uintx NonProfiledCodeHeapSize                  = 0                                      {pd product} {ergonomic}
     bool ProfileInterpreter                       = false                                  {pd product} {command line}
    uintx ProfiledCodeHeapSize                     = 0                                      {pd product} {ergonomic}
   size_t SoftMaxHeapSize                          = 1073741824                             {manageable} {ergonomic}
     intx TieredStopAtLevel                        = 1                                         {product} {command line}
     bool UseCompressedClassPointers               = true                           {product lp64_product} {ergonomic}
     bool UseCompressedOops                        = true                           {product lp64_product} {ergonomic}
     bool UseG1GC                                  = true                                      {product} {ergonomic}
     bool UseLargePagesIndividualAllocation        = false                                  {pd product} {ergonomic}

Logging:
Log output configuration:
 #0: stdout all=warning,jni+resolve=off uptime,level,tags
 #1: stderr all=off uptime,level,tags

Environment Variables:
JAVA_HOME=C:\Program Files\Java\jdk-17.0.2
CLASSPATH=C:\LINGO20\Lingo20.jar
PATH=C:\Program Files (x86)\VMware\VMware Player\bin\;C:\Program Files\Microsoft MPI\Bin\;C:\Python310\Scripts\;C:\Python310\;C:\Program Files\Common Files\Oracle\Java\javapath;C:\Program Files (x86)\Common Files\Oracle\Java\javapath;C:\Windows\system32;C:\Windows;C:\Windows\System32\Wbem;C:\Windows\System32\WindowsPowerShell\v1.0\;C:\Windows\System32\OpenSSH\;C:\Program Files\MATLAB\R2016b\bin;C:\Program Files\Microsoft VS Code\bin;C:\Program Files\nodejs\;C:\ProgramData\chocolatey\bin;C:\ProgramData\UNIVALI\Portugol Studio;C:\Program Files (x86)\Microsoft SQL Server\150\DTS\Binn\;C:\Program Files\Azure Data Studio\bin;C:\Program Files\Microsoft SQL Server\120\Tools\Binn\;C:\Program Files (x86)\Windows Kits\8.1\Windows Performance Toolkit\;C:\Program Files (x86)\Common Files\EpsonRC\exe;C:\Program Files (x86)\Microsoft SQL Server\160\Tools\Binn\;C:\Program Files\Microsoft SQL Server\160\Tools\Binn\;C:\Program Files\Microsoft SQL Server\Client SDK\ODBC\170\Tools\Binn\;C:\Program Files\Microsoft SQL Server\160\DTS\Binn\;C:\Program Files (x86)\dotnet\;C:\Program Files (x86)\CODESYS\APInstaller\;C:\LINGO20\;C:\Program Files\Docker\Docker\resources\bin;C:\Program Files\Git\cmd;C:\Program Files\dotnet\;C:\Users\aluno.LABINFO\AppData\Local\Microsoft\WindowsApps;C:\Users\aluno.LABINFO\AppData\Local\GitHubDesktop\bin
USERNAME=aluno
OS=Windows_NT
PROCESSOR_IDENTIFIER=Intel64 Family 6 Model 140 Stepping 1, GenuineIntel
TMP=C:\Users\ALUNO~1.LAB\AppData\Local\Temp
TEMP=C:\Users\ALUNO~1.LAB\AppData\Local\Temp



Periodic native trim disabled


---------------  S Y S T E M  ---------------

OS:
 Windows 10 , 64 bit Build 19041 (10.0.19041.3636)
OS uptime: 12 days 12:35 hours
Hyper-V role detected

CPU: total 8 (initial active 8) (4 cores per cpu, 2 threads per core) family 6 model 140 stepping 1 microcode 0x8a, cx8, cmov, fxsr, ht, mmx, 3dnowpref, sse, sse2, sse3, ssse3, sse4.1, sse4.2, popcnt, lzcnt, tsc, tscinvbit, avx, avx2, aes, erms, clmul, bmi1, bmi2, adx, avx512f, avx512dq, avx512cd, avx512bw, avx512vl, sha, fma, vzeroupper, avx512_vpopcntdq, avx512_vpclmulqdq, avx512_vaes, avx512_vnni, clflush, clflushopt, clwb, avx512_vbmi2, avx512_vbmi, hv
Processor Information for all 8 processors :
  Max Mhz: 2419, Current Mhz: 2419, Mhz Limit: 2419

Memory: 4k page, system-wide physical 7991M (1244M free)
TotalPageFile size 11991M (AvailPageFile size 160M)
current process WorkingSet (physical memory assigned to process): 260M, peak: 296M
current process commit charge ("private bytes"): 305M, peak: 476M

vm_info: OpenJDK 64-Bit Server VM (17.0.10+7) for windows-amd64 JRE (17.0.10+7), built on Jan 16 2024 23:25:11 by "admin" with MS VC++ 16.10 / 16.11 (VS2019)

END.
